app/build/intermediates/manifest_merge_blame_file/release/manifest-merger-blame-release-report.txt
1<?xml version="1.0" encoding="utf-8"?>
2<manifest xmlns:android="http://schemas.android.com/apk/res/android"
3    package="jp.live2d.sample"
4    android:screenOrientation="portrait"
5    android:versionCode="1"
6    android:versionName="1.0" >
7
8    <uses-sdk android:targetSdkVersion="26" />
8-->src\main\AndroidManifest.xml:7:5-8:41
8-->src\main\AndroidManifest.xml:8:9-38
9
10    <uses-permission android:name="android.permission.WRITE_EXTERNAL_STORAGE" />
10-->src\main\AndroidManifest.xml:6:5-81
10-->src\main\AndroidManifest.xml:6:22-78
11
12    <application
12-->src\main\AndroidManifest.xml:10:5-38:19
13        android:icon="@drawable/icon"
13-->src\main\AndroidManifest.xml:11:9-38
14        android:label="@string/app_name"
14-->src\main\AndroidManifest.xml:12:9-41
15        android:screenOrientation="portrait"
15-->src\main\AndroidManifest.xml:14:9-45
16        android:theme="@style/AppTheme" >
16-->src\main\AndroidManifest.xml:13:9-40
17        <activity
17-->src\main\AndroidManifest.xml:15:9-24:20
18            android:name="jp.live2d.sample.SampleActivity"
18-->src\main\AndroidManifest.xml:17:13-43
19            android:label="@string/title_activity_sample"
19-->src\main\AndroidManifest.xml:18:13-58
20            android:screenOrientation="portrait" >
20-->src\main\AndroidManifest.xml:16:13-49
21            <intent-filter>
21-->src\main\AndroidManifest.xml:19:13-23:29
22                <action android:name="android.intent.action.MAIN" />
22-->src\main\AndroidManifest.xml:20:17-69
22-->src\main\AndroidManifest.xml:20:25-66
23
24                <category android:name="android.intent.category.LAUNCHER" />
24-->src\main\AndroidManifest.xml:22:17-77
24-->src\main\AndroidManifest.xml:22:27-74
25            </intent-filter>
26        </activity>
27
28        <service
28-->src\main\AndroidManifest.xml:26:9-37:13
29            android:name="jp.live2d.sample.LiveWallpaperService"
29-->src\main\AndroidManifest.xml:27:7-59
30            android:label="@string/title_activity_sample"
30-->src\main\AndroidManifest.xml:28:7-52
31            android:permission="android.permission.BIND_WALLPAPER" >
31-->src\main\AndroidManifest.xml:29:7-61
32            <intent-filter>
32-->src\main\AndroidManifest.xml:30:7-32:23
33                <action android:name="android.service.wallpaper.WallpaperService" />
33-->src\main\AndroidManifest.xml:31:11-79
33-->src\main\AndroidManifest.xml:31:19-76
34            </intent-filter>
35
36            <meta-data
36-->src\main\AndroidManifest.xml:34:7-36:47
37                android:name="android.service.wallpaper"
37-->src\main\AndroidManifest.xml:35:11-51
38                android:resource="@xml/wallpaper" />
38-->src\main\AndroidManifest.xml:36:11-44
39        </service>
40    </application>
41
42</manifest>